#
# There is insufficient memory for the Java Runtime Environment to continue.
# Native memory allocation (malloc) failed to allocate 32744 bytes for ChunkPool::allocate
# Possible reasons:
#   The system is out of physical RAM or swap space
#   In 32 bit mode, the process size limit was hit
# Possible solutions:
#   Reduce memory load on the system
#   Increase physical memory or swap space
#   Check if swap backing store is full
#   Use 64 bit Java on a 64 bit OS
#   Decrease Java heap size (-Xmx/-Xms)
#   Decrease number of Java threads
#   Decrease Java thread stack sizes (-Xss)
#   Set larger code cache with -XX:ReservedCodeCacheSize=
# This output file may be truncated or incomplete.
#
#  Out of Memory Error (allocation.cpp:273), pid=29032, tid=0x0000000000006ff0
#
# JRE version: Java(TM) SE Runtime Environment (8.0_181-b13) (build 1.8.0_181-b13)
# Java VM: Java HotSpot(TM) 64-Bit Server VM (25.181-b13 mixed mode windows-amd64 compressed oops)
# Failed to write core dump. Minidumps are not enabled by default on client versions of Windows
#

---------------  T H R E A D  ---------------

Current thread (0x0000000018ebf000):  JavaThread "C1 CompilerThread3" daemon [_thread_in_native, id=28656, stack(0x000000001a820000,0x000000001a920000)]

Stack: [0x000000001a820000,0x000000001a920000]
[error occurred during error reporting (printing stack bounds), id 0xc0000005]

Native frames: (J=compiled Java code, j=interpreted, Vv=VM code, C=native code)


Current CompileTask:
C1:   7174  684   !   3       java.awt.DefaultKeyboardFocusManager::dispatchEvent (1640 bytes)


---------------  P R O C E S S  ---------------

Java Threads: ( => current thread )
  0x00000000024de800 JavaThread "DestroyJavaVM" [_thread_blocked, id=29344, stack(0x0000000002390000,0x0000000002490000)]
  0x000000001ad77000 JavaThread "AWT-EventQueue-0" [_thread_blocked, id=29356, stack(0x0000000024020000,0x0000000024120000)]
  0x000000001acc7000 JavaThread "AWT-Windows" daemon [_thread_in_native, id=11692, stack(0x000000001b720000,0x000000001b820000)]
  0x000000001acc6800 JavaThread "AWT-Shutdown" [_thread_blocked, id=27076, stack(0x000000001b620000,0x000000001b720000)]
  0x000000001acf4000 JavaThread "Java2D Disposer" daemon [_thread_blocked, id=29296, stack(0x000000001b460000,0x000000001b560000)]
  0x0000000018f45800 JavaThread "Service Thread" daemon [_thread_blocked, id=29004, stack(0x000000001a920000,0x000000001aa20000)]
=>0x0000000018ebf000 JavaThread "C1 CompilerThread3" daemon [_thread_in_native, id=28656, stack(0x000000001a820000,0x000000001a920000)]
  0x0000000018ebe000 JavaThread "C2 CompilerThread2" daemon [_thread_blocked, id=17952, stack(0x000000001a720000,0x000000001a820000)]
  0x0000000018eb7000 JavaThread "C2 CompilerThread1" daemon [_thread_blocked, id=22132, stack(0x000000001a620000,0x000000001a720000)]
  0x0000000018eaf000 JavaThread "C2 CompilerThread0" daemon [_thread_blocked, id=2132, stack(0x000000001a520000,0x000000001a620000)]
  0x0000000018eaa800 JavaThread "Attach Listener" daemon [_thread_blocked, id=28364, stack(0x000000001a420000,0x000000001a520000)]
  0x0000000018ea9800 JavaThread "Signal Dispatcher" daemon [_thread_blocked, id=26888, stack(0x000000001a320000,0x000000001a420000)]
  0x0000000018ea3800 JavaThread "Finalizer" daemon [_thread_blocked, id=18044, stack(0x000000001a130000,0x000000001a230000)]
  0x00000000025de000 JavaThread "Reference Handler" daemon [_thread_blocked, id=29596, stack(0x000000001a030000,0x000000001a130000)]

Other Threads:
  0x00000000177d6800 VMThread [stack: 0x0000000019f30000,0x000000001a030000] [id=29112]
  0x0000000018f6b000 WatcherThread [stack: 0x000000001aa20000,0x000000001ab20000] [id=12576]

VM state:not at safepoint (normal execution)

VM Mutex/Monitor currently owned by a thread: None

Heap:
 PSYoungGen      total 38400K, used 10677K [0x00000000d5980000, 0x00000000d8400000, 0x0000000100000000)
  eden space 33280K, 27% used [0x00000000d5980000,0x00000000d627d460,0x00000000d7a00000)
  from space 5120K, 28% used [0x00000000d7f00000,0x00000000d8070020,0x00000000d8400000)
  to   space 5120K, 0% used [0x00000000d7a00000,0x00000000d7a00000,0x00000000d7f00000)
 ParOldGen       total 87552K, used 24K [0x0000000080c00000, 0x0000000086180000, 0x00000000d5980000)
  object space 87552K, 0% used [0x0000000080c00000,0x0000000080c06000,0x0000000086180000)
 Metaspace       used 8603K, capacity 8790K, committed 9088K, reserved 1056768K
  class space    used 1021K, capacity 1093K, committed 1152K, reserved 1048576K

Card table byte_map: [0x00000000119a0000,0x0000000011da0000] byte_map_base: 0x000000001159a000

Marking Bits: (ParMarkBitMap*) 0x000000005bf82d00
 Begin Bits: [0x0000000012a50000, 0x0000000014a20000)
 End Bits:   [0x0000000014a20000, 0x00000000169f0000)

Polling page: 0x00000000001f0000

CodeCache: size=245760Kb used=2654Kb max_used=2654Kb free=243105Kb
 bounds [0x00000000025e0000, 0x0000000002880000, 0x00000000115e0000]
 total_blobs=1118 nmethods=683 adapters=348
 compilation: enabled

Compilation events (10 events):
Event: 7.105 Thread 0x0000000018ebf000 nmethod 679 0x0000000002875a50 code [0x0000000002875c20, 0x0000000002876358]
Event: 7.105 Thread 0x0000000018ebf000  681       3       java.lang.Thread::interrupted (8 bytes)
Event: 7.105 Thread 0x0000000018ebf000 nmethod 681 0x0000000002876650 code [0x00000000028767c0, 0x0000000002876948]
Event: 7.105 Thread 0x0000000018ebf000  680       3       sun.awt.windows.WWindowPeer::preprocessPostEvent (72 bytes)
Event: 7.105 Thread 0x0000000018ebf000 nmethod 680 0x0000000002876a10 code [0x0000000002876bc0, 0x00000000028772b8]
Event: 7.119 Thread 0x0000000018ebf000  682       3       java.awt.Window::dispatchEventImpl (23 bytes)
Event: 7.120 Thread 0x0000000018ebf000 nmethod 682 0x0000000002877410 code [0x00000000028775c0, 0x0000000002877d18]
Event: 7.120 Thread 0x0000000018ebf000  683       3       sun.awt.SunToolkit::isTouchKeyboardAutoShowEnabled (4 bytes)
Event: 7.120 Thread 0x0000000018ebf000 nmethod 683 0x0000000002877f10 code [0x0000000002878060, 0x00000000028781b0]
Event: 7.128 Thread 0x0000000018ebf000  684   !   3       java.awt.DefaultKeyboardFocusManager::dispatchEvent (1640 bytes)

GC Heap History (4 events):
Event: 2.271 GC heap before
{Heap before GC invocations=1 (full 0):
 PSYoungGen      total 38400K, used 32381K [0x00000000d5980000, 0x00000000d8400000, 0x0000000100000000)
  eden space 33280K, 97% used [0x00000000d5980000,0x00000000d791f630,0x00000000d7a00000)
  from space 5120K, 0% used [0x00000000d7f00000,0x00000000d7f00000,0x00000000d8400000)
  to   space 5120K, 0% used [0x00000000d7a00000,0x00000000d7a00000,0x00000000d7f00000)
 ParOldGen       total 87552K, used 0K [0x0000000080c00000, 0x0000000086180000, 0x00000000d5980000)
  object space 87552K, 0% used [0x0000000080c00000,0x0000000080c00000,0x0000000086180000)
 Metaspace       used 8363K, capacity 8594K, committed 8832K, reserved 1056768K
  class space    used 1013K, capacity 1093K, committed 1152K, reserved 1048576K
Event: 2.274 GC heap after
Heap after GC invocations=1 (full 0):
 PSYoungGen      total 38400K, used 1504K [0x00000000d5980000, 0x00000000d8400000, 0x0000000100000000)
  eden space 33280K, 0% used [0x00000000d5980000,0x00000000d5980000,0x00000000d7a00000)
  from space 5120K, 29% used [0x00000000d7a00000,0x00000000d7b78000,0x00000000d7f00000)
  to   space 5120K, 0% used [0x00000000d7f00000,0x00000000d7f00000,0x00000000d8400000)
 ParOldGen       total 87552K, used 16K [0x0000000080c00000, 0x0000000086180000, 0x00000000d5980000)
  object space 87552K, 0% used [0x0000000080c00000,0x0000000080c04000,0x0000000086180000)
 Metaspace       used 8363K, capacity 8594K, committed 8832K, reserved 1056768K
  class space    used 1013K, capacity 1093K, committed 1152K, reserved 1048576K
}
Event: 2.365 GC heap before
{Heap before GC invocations=2 (full 0):
 PSYoungGen      total 38400K, used 32884K [0x00000000d5980000, 0x00000000d8400000, 0x0000000100000000)
  eden space 33280K, 94% used [0x00000000d5980000,0x00000000d7825270,0x00000000d7a00000)
  from space 5120K, 29% used [0x00000000d7a00000,0x00000000d7b78000,0x00000000d7f00000)
  to   space 5120K, 0% used [0x00000000d7f00000,0x00000000d7f00000,0x00000000d8400000)
 ParOldGen       total 87552K, used 16K [0x0000000080c00000, 0x0000000086180000, 0x00000000d5980000)
  object space 87552K, 0% used [0x0000000080c00000,0x0000000080c04000,0x0000000086180000)
 Metaspace       used 8402K, capacity 8594K, committed 8832K, reserved 1056768K
  class space    used 1013K, capacity 1093K, committed 1152K, reserved 1048576K
Event: 2.367 GC heap after
Heap after GC invocations=2 (full 0):
 PSYoungGen      total 38400K, used 1472K [0x00000000d5980000, 0x00000000d8400000, 0x0000000100000000)
  eden space 33280K, 0% used [0x00000000d5980000,0x00000000d5980000,0x00000000d7a00000)
  from space 5120K, 28% used [0x00000000d7f00000,0x00000000d8070020,0x00000000d8400000)
  to   space 5120K, 0% used [0x00000000d7a00000,0x00000000d7a00000,0x00000000d7f00000)
 ParOldGen       total 87552K, used 24K [0x0000000080c00000, 0x0000000086180000, 0x00000000d5980000)
  object space 87552K, 0% used [0x0000000080c00000,0x0000000080c06000,0x0000000086180000)
 Metaspace       used 8402K, capacity 8594K, committed 8832K, reserved 1056768K
  class space    used 1013K, capacity 1093K, committed 1152K, reserved 1048576K
}

Deoptimization events (0 events):
No events

Classes redefined (0 events):
No events

Internal exceptions (10 events):
Event: 0.096 Thread 0x00000000024de800 Exception <a 'java/lang/NoSuchMethodError': Method sun.misc.Unsafe.defineClass(Ljava/lang/String;[BII)Ljava/lang/Class; name or signature does not match> (0x00000000d5987cb0) thrown at [C:\re\workspace\8-2-build-windows-amd64-cygwin\jdk8u181\11358\hotspot
Event: 0.096 Thread 0x00000000024de800 Exception <a 'java/lang/NoSuchMethodError': Method sun.misc.Unsafe.prefetchRead(Ljava/lang/Object;J)V name or signature does not match> (0x00000000d5987f98) thrown at [C:\re\workspace\8-2-build-windows-amd64-cygwin\jdk8u181\11358\hotspot\src\share\vm\prim
Event: 0.170 Thread 0x00000000024de800 Exception <a 'java/security/PrivilegedActionException'> (0x00000000d5a1e258) thrown at [C:\re\workspace\8-2-build-windows-amd64-cygwin\jdk8u181\11358\hotspot\src\share\vm\prims\jvm.cpp, line 1435]
Event: 0.170 Thread 0x00000000024de800 Exception <a 'java/security/PrivilegedActionException'> (0x00000000d5a1e468) thrown at [C:\re\workspace\8-2-build-windows-amd64-cygwin\jdk8u181\11358\hotspot\src\share\vm\prims\jvm.cpp, line 1435]
Event: 0.171 Thread 0x00000000024de800 Exception <a 'java/security/PrivilegedActionException'> (0x00000000d5a220d8) thrown at [C:\re\workspace\8-2-build-windows-amd64-cygwin\jdk8u181\11358\hotspot\src\share\vm\prims\jvm.cpp, line 1435]
Event: 0.171 Thread 0x00000000024de800 Exception <a 'java/security/PrivilegedActionException'> (0x00000000d5a222e8) thrown at [C:\re\workspace\8-2-build-windows-amd64-cygwin\jdk8u181\11358\hotspot\src\share\vm\prims\jvm.cpp, line 1435]
Event: 0.174 Thread 0x00000000024de800 Exception <a 'java/io/FileNotFoundException'> (0x00000000d5a24400) thrown at [C:\re\workspace\8-2-build-windows-amd64-cygwin\jdk8u181\11358\hotspot\src\share\vm\prims\jni.cpp, line 709]
Event: 0.205 Thread 0x00000000024de800 Exception <a 'java/lang/NoSuchFieldError': method resolution failed> (0x00000000d5b9c830) thrown at [C:\re\workspace\8-2-build-windows-amd64-cygwin\jdk8u181\11358\hotspot\src\share\vm\prims\methodHandles.cpp, line 1167]
Event: 0.207 Thread 0x00000000024de800 Exception <a 'java/lang/NoSuchFieldError': method resolution failed> (0x00000000d5ba9c00) thrown at [C:\re\workspace\8-2-build-windows-amd64-cygwin\jdk8u181\11358\hotspot\src\share\vm\prims\methodHandles.cpp, line 1167]
Event: 0.245 Thread 0x00000000024de800 Exception <a 'java/io/FileNotFoundException'> (0x00000000d5c43020) thrown at [C:\re\workspace\8-2-build-windows-amd64-cygwin\jdk8u181\11358\hotspot\src\share\vm\prims\jni.cpp, line 709]

Events (10 events):
Event: 4.434 loading class java/awt/Toolkit$ToolkitEventMulticaster
Event: 4.434 loading class java/awt/Toolkit$ToolkitEventMulticaster done
Event: 4.434 loading class java/awt/AWTEvent$2
Event: 4.434 loading class java/awt/AWTEvent$2 done
Event: 4.434 loading class sun/reflect/UnsafeBooleanFieldAccessorImpl
Event: 4.435 loading class sun/reflect/UnsafeBooleanFieldAccessorImpl done
Event: 4.435 loading class java/awt/event/ContainerEvent
Event: 4.435 loading class java/awt/event/ContainerEvent done
Event: 5.983 loading class java/awt/LightweightDispatcher$2
Event: 5.983 loading class java/awt/LightweightDispatcher$2 done


Dynamic libraries:
0x00007ff6fdb30000 - 0x00007ff6fdb67000 	C:\Program Files\Java\jre1.8.0_181\bin\javaw.exe
0x00007ffd197a0000 - 0x00007ffd19981000 	C:\WINDOWS\SYSTEM32\ntdll.dll
0x00007ffd19480000 - 0x00007ffd19531000 	C:\WINDOWS\System32\KERNEL32.DLL
0x00007ffd15d60000 - 0x00007ffd15fd3000 	C:\WINDOWS\System32\KERNELBASE.dll
0x00007ffd18e70000 - 0x00007ffd18f11000 	C:\WINDOWS\System32\ADVAPI32.dll
0x00007ffd16c30000 - 0x00007ffd16cce000 	C:\WINDOWS\System32\msvcrt.dll
0x00007ffd196a0000 - 0x00007ffd196fb000 	C:\WINDOWS\System32\sechost.dll
0x00007ffd17390000 - 0x00007ffd174b4000 	C:\WINDOWS\System32\RPCRT4.dll
0x00007ffd17680000 - 0x00007ffd17810000 	C:\WINDOWS\System32\USER32.dll
0x00007ffd16260000 - 0x00007ffd16280000 	C:\WINDOWS\System32\win32u.dll
0x00007ffd16e50000 - 0x00007ffd16e78000 	C:\WINDOWS\System32\GDI32.dll
0x00007ffd15fe0000 - 0x00007ffd16172000 	C:\WINDOWS\System32\gdi32full.dll
0x00007ffd16a90000 - 0x00007ffd16b2f000 	C:\WINDOWS\System32\msvcp_win.dll
0x00007ffd16280000 - 0x00007ffd16378000 	C:\WINDOWS\System32\ucrtbase.dll
0x00007ffd052a0000 - 0x00007ffd05509000 	C:\WINDOWS\WinSxS\amd64_microsoft.windows.common-controls_6595b64144ccf1df_6.0.17134.706_none_fb43a2cb30647007\COMCTL32.dll
0x00007ffd18f50000 - 0x00007ffd19272000 	C:\WINDOWS\System32\combase.dll
0x00007ffd161e0000 - 0x00007ffd1625a000 	C:\WINDOWS\System32\bcryptPrimitives.dll
0x00007ffd18f20000 - 0x00007ffd18f4d000 	C:\WINDOWS\System32\IMM32.DLL
0x000000005ffc0000 - 0x0000000060092000 	C:\Program Files\Java\jre1.8.0_181\bin\msvcr100.dll
0x000000005b760000 - 0x000000005c002000 	C:\Program Files\Java\jre1.8.0_181\bin\server\jvm.dll
0x00007ffd193a0000 - 0x00007ffd193a8000 	C:\WINDOWS\System32\PSAPI.DLL
0x00007ffd05610000 - 0x00007ffd05619000 	C:\WINDOWS\SYSTEM32\WSOCK32.dll
0x00007ffd13820000 - 0x00007ffd13843000 	C:\WINDOWS\SYSTEM32\WINMM.dll
0x00007ffd0b290000 - 0x00007ffd0b29a000 	C:\WINDOWS\SYSTEM32\VERSION.dll
0x00007ffd19280000 - 0x00007ffd192ec000 	C:\WINDOWS\System32\WS2_32.dll
0x00007ffd13740000 - 0x00007ffd1376a000 	C:\WINDOWS\SYSTEM32\winmmbase.dll
0x00007ffd16b30000 - 0x00007ffd16b79000 	C:\WINDOWS\System32\cfgmgr32.dll
0x0000000060690000 - 0x000000006069f000 	C:\Program Files\Java\jre1.8.0_181\bin\verify.dll
0x0000000060660000 - 0x0000000060689000 	C:\Program Files\Java\jre1.8.0_181\bin\java.dll
0x0000000060640000 - 0x0000000060656000 	C:\Program Files\Java\jre1.8.0_181\bin\zip.dll
0x00007ffd17a30000 - 0x00007ffd18e70000 	C:\WINDOWS\System32\SHELL32.dll
0x00007ffd192f0000 - 0x00007ffd19399000 	C:\WINDOWS\System32\shcore.dll
0x00007ffd16380000 - 0x00007ffd16a8d000 	C:\WINDOWS\System32\windows.storage.dll
0x00007ffd19700000 - 0x00007ffd19751000 	C:\WINDOWS\System32\shlwapi.dll
0x00007ffd15b30000 - 0x00007ffd15b41000 	C:\WINDOWS\System32\kernel.appcore.dll
0x00007ffd15b50000 - 0x00007ffd15b6f000 	C:\WINDOWS\System32\profapi.dll
0x00007ffd15ae0000 - 0x00007ffd15b2c000 	C:\WINDOWS\System32\powrprof.dll
0x00007ffd15ad0000 - 0x00007ffd15ada000 	C:\WINDOWS\System32\FLTLIB.DLL
0x000000005b490000 - 0x000000005b629000 	C:\Program Files\Java\jre1.8.0_181\bin\awt.dll
0x00007ffd193b0000 - 0x00007ffd19472000 	C:\WINDOWS\System32\OLEAUT32.dll
0x00007ffd13e30000 - 0x00007ffd13ebb000 	C:\WINDOWS\SYSTEM32\apphelp.dll
0x00007ffd14240000 - 0x00007ffd14269000 	C:\WINDOWS\system32\DWMAPI.DLL
0x00007ffd13fb0000 - 0x00007ffd14048000 	C:\WINDOWS\system32\uxtheme.dll
0x00007ffce88e0000 - 0x00007ffce8a00000 	C:\WINDOWS\system32\opengl32.dll
0x00007ffcfd6d0000 - 0x00007ffcfd6fc000 	C:\WINDOWS\SYSTEM32\GLU32.dll
0x00007ffd16cd0000 - 0x00007ffd16e43000 	C:\WINDOWS\System32\MSCTF.dll
0x00007ffd19540000 - 0x00007ffd19691000 	C:\WINDOWS\System32\ole32.dll
0x00007ffce8a80000 - 0x00007ffce8c17000 	C:\WINDOWS\system32\d3d9.dll
0x00007ffd0ce30000 - 0x00007ffd0d00a000 	C:\WINDOWS\System32\DriverStore\FileRepository\c0318486.inf_amd64_11ba0b4b7cc81d52\aticfx64.dll
0x00007ffcef810000 - 0x00007ffcef842000 	C:\WINDOWS\System32\DriverStore\FileRepository\c0318486.inf_amd64_11ba0b4b7cc81d52\atiu9p64.dll
0x00007ffcd71f0000 - 0x00007ffcd7d2c000 	C:\WINDOWS\System32\DriverStore\FileRepository\c0318486.inf_amd64_11ba0b4b7cc81d52\atiumd64.dll
0x000000005f190000 - 0x000000005fe23000 	C:\WINDOWS\System32\DriverStore\FileRepository\c0318486.inf_amd64_11ba0b4b7cc81d52\atiumd6a.dll
0x00007ffd13ce0000 - 0x00007ffd13d00000 	C:\WINDOWS\SYSTEM32\amdihk64.dll
0x000000001b600000 - 0x000000001b606000 	C:\WINDOWS\SYSTEM32\detoured.dll
0x000000005ff70000 - 0x000000005ffb7000 	C:\Program Files\Java\jre1.8.0_181\bin\fontmanager.dll
0x00007ffd0e010000 - 0x00007ffd0e0a6000 	C:\WINDOWS\System32\TextInputFramework.dll
0x00007ffd12df0000 - 0x00007ffd12eca000 	C:\WINDOWS\System32\CoreMessaging.dll
0x00007ffd0e0b0000 - 0x00007ffd0e3ce000 	C:\WINDOWS\System32\CoreUIComponents.dll
0x00007ffd14b70000 - 0x00007ffd14ba1000 	C:\WINDOWS\SYSTEM32\ntmarta.dll
0x00007ffd126a0000 - 0x00007ffd127ed000 	C:\WINDOWS\SYSTEM32\wintypes.dll
0x00007ffd175d0000 - 0x00007ffd17670000 	C:\WINDOWS\System32\clbcatq.dll

VM Arguments:
jvm_args: -Dfile.encoding=Cp1252 
java_command: test
java_class_path (initial): C:\Program Files\Java\jre1.8.0_181\lib\resources.jar;C:\Program Files\Java\jre1.8.0_181\lib\rt.jar;C:\Program Files\Java\jre1.8.0_181\lib\jsse.jar;C:\Program Files\Java\jre1.8.0_181\lib\jce.jar;C:\Program Files\Java\jre1.8.0_181\lib\charsets.jar;C:\Program Files\Java\jre1.8.0_181\lib\jfr.jar;C:\Program Files\Java\jre1.8.0_181\lib\ext\access-bridge-64.jar;C:\Program Files\Java\jre1.8.0_181\lib\ext\cldrdata.jar;C:\Program Files\Java\jre1.8.0_181\lib\ext\dnsns.jar;C:\Program Files\Java\jre1.8.0_181\lib\ext\jaccess.jar;C:\Program Files\Java\jre1.8.0_181\lib\ext\jfxrt.jar;C:\Program Files\Java\jre1.8.0_181\lib\ext\localedata.jar;C:\Program Files\Java\jre1.8.0_181\lib\ext\nashorn.jar;C:\Program Files\Java\jre1.8.0_181\lib\ext\sunec.jar;C:\Program Files\Java\jre1.8.0_181\lib\ext\sunjce_provider.jar;C:\Program Files\Java\jre1.8.0_181\lib\ext\sunmscapi.jar;C:\Program Files\Java\jre1.8.0_181\lib\ext\sunpkcs11.jar;C:\Program Files\Java\jre1.8.0_181\lib\ext\zipfs.jar;E:\3DTicTacToe\bin
Launcher Type: SUN_STANDARD

Environment Variables:
PATH=C:/Program Files/Java/jre1.8.0_181/bin/server;C:/Program Files/Java/jre1.8.0_181/bin;C:/Program Files/Java/jre1.8.0_181/lib/amd64;C:\Program Files (x86)\Common Files\Oracle\Java\javapath;C:\ProgramData\Oracle\Java\javapath;C:\Program Files (x86)\NVIDIA Corporation\PhysX\Common;C:\Python34\;C:\Python34\Scripts;C:\Program Files\Common Files\Microsoft Shared\Windows Live;C:\Program Files (x86)\Common Files\Microsoft Shared\Windows Live;C:\WINDOWS\system32;C:\WINDOWS;C:\WINDOWS\System32\Wbem;C:\WINDOWS\System32\WindowsPowerShell\v1.0\;c:\Program Files (x86)\ATI Technologies\ATI.ACE\Core-Static;C:\Program Files (x86)\AMD\Fusion Media Explorer\;c:\Program Files (x86)\Common Files\Roxio Shared\10.0\DLLShared\;c:\Program Files (x86)\Common Files\Roxio Shared\DLLShared\;C:\Program Files (x86)\jZip;C:\Program Files\jEdit;C:\Program Files (x86)\Calibre2\;C:\Program Files (x86)\Windows Live\Shared;C:\Program Files (x86)\QuickTime\QTSystem\;C:\Program Files (x86)\AMD\ATI.ACE\Core-Static;C:\Program Files (x86)\ATI Technologies\ATI.ACE\Core-Static;C:\Program Files (x86)\Skype\Phone\;C:\Program Files\dotnet\;C:\WINDOWS\System32\OpenSSH\;C:\Program Files (x86)\Windows Kits\10\Windows Performance Toolkit\;C:\Users\Terminello\AppData\Local\Microsoft\WindowsApps;;C:\Users\Terminello\Desktop;
USERNAME=Terminello
OS=Windows_NT
PROCESSOR_IDENTIFIER=AMD64 Family 23 Model 1 Stepping 1, AuthenticAMD



---------------  S Y S T E M  ---------------

OS: Windows 10.0 , 64 bit Build 17134 (10.0.17134.706)

CPU:total 12 (initial active 12) (12 cores per cpu, 1 threads per core) family 23 model 1 stepping 1, cmov, cx8, fxsr, mmx, sse, sse2, sse3, ssse3, sse4.1, sse4.2, popcnt, avx, avx2, aes, clmul, mmxext, 3dnowpref, lzcnt, sse4a, tsc, tscinvbit, tscinv, bmi1

Memory: 4k page, physical 8335896k(2114120k free), swap 33501720k(480k free)

vm_info: Java HotSpot(TM) 64-Bit Server VM (25.181-b13) for windows-amd64 JRE (1.8.0_181-b13), built on Jul  7 2018 04:01:33 by "java_re" with MS VC++ 10.0 (VS2010)

time: Sun Apr 14 01:20:11 2019
elapsed time: 7 seconds (0d 0h 0m 7s)

